<?xml version="1.0" encoding="UTF-8"?>
<!-- Generated by org.testng.reporters.JUnitReportReporter -->
<testsuite hostname="DESKTOP-OHI7185" failures="0" tests="1" name="cucumberOptions.TestNGTestRunner" time="16.430" errors="0" timestamp="2024-03-04T11:42:14 IST" skipped="0">
  <testcase classname="cucumberOptions.TestNGTestRunner" name="runScenario" time="16.430"/>
</testsuite> <!-- cucumberOptions.TestNGTestRunner -->
